<?xml version="1.0" encoding="UTF-8"?>
<testng-results ignored="0" total="3" passed="3" failed="0" skipped="0">
  <reporter-output>
  </reporter-output>
  <suite started-at="2024-10-23T11:20:28 IST" name="Default suite" finished-at="2024-10-23T11:23:01 IST" duration-ms="152552">
    <groups>
    </groups>
    <test started-at="2024-10-23T11:20:28 IST" name="Default test" finished-at="2024-10-23T11:23:01 IST" duration-ms="152552">
      <class name="devops_prj.NewTest">
        <test-method signature="cLogin()[pri:0, instance:devops_prj.NewTest@636be97c]" started-at="2024-10-23T11:20:28 IST" name="cLogin" finished-at="2024-10-23T11:21:47 IST" duration-ms="78465" status="PASS">
          <reporter-output>
          </reporter-output>
        </test-method> <!-- cLogin -->
        <test-method signature="eLogin()[pri:0, instance:devops_prj.NewTest@636be97c]" started-at="2024-10-23T11:21:47 IST" name="eLogin" finished-at="2024-10-23T11:22:10 IST" duration-ms="23703" status="PASS">
          <reporter-output>
          </reporter-output>
        </test-method> <!-- eLogin -->
        <test-method signature="fLogin()[pri:0, instance:devops_prj.NewTest@636be97c]" started-at="2024-10-23T11:22:10 IST" name="fLogin" finished-at="2024-10-23T11:23:01 IST" duration-ms="50362" status="PASS">
          <reporter-output>
          </reporter-output>
        </test-method> <!-- fLogin -->
      </class> <!-- devops_prj.NewTest -->
    </test> <!-- Default test -->
  </suite> <!-- Default suite -->
</testng-results>
